SELECT city, p_type, p_name, price_lakhs, image_url, p_address, LOWER(LTRIM(RTRIM(p_status))) AS p_status FROM Properties WHERE 1=1 AND price_lakhs BETWEEN ? AND ? | Params: [0,1000000]
SELECT city, p_type, p_name, price_lakhs, image_url, p_address, LOWER(LTRIM(RTRIM(p_status))) AS p_status FROM Properties WHERE 1=1 AND price_lakhs BETWEEN ? AND ? | Params: [0,1000000]
SELECT city, p_type, p_name, price_lakhs, image_url, p_address, LOWER(LTRIM(RTRIM(p_status))) AS p_status FROM Properties WHERE 1=1 AND price_lakhs BETWEEN ? AND ? | Params: [0,1000000]
SELECT city, p_type, p_name, price_lakhs, image_url, p_address, LOWER(LTRIM(RTRIM(p_status))) AS p_status FROM Properties WHERE 1=1 AND price_lakhs BETWEEN ? AND ? AND LOWER(p_type) = ? | Params: [0,1000000,"4bhk"]
SELECT city, p_type, p_name, price_lakhs, image_url, p_address, LOWER(LTRIM(RTRIM(p_status))) AS p_status FROM Properties WHERE 1=1 AND price_lakhs BETWEEN ? AND ? AND LOWER(city) = ? | Params: [0,1000000,"bengaluru"]
SELECT city, p_type, p_name, price_lakhs, image_url, p_address, LOWER(LTRIM(RTRIM(p_status))) AS p_status FROM Properties WHERE 1=1 AND price_lakhs BETWEEN ? AND ? AND LOWER(p_type) = ? AND LOWER(city) = ? | Params: [0,1000000,"4bhk","bengaluru"]
SELECT city, p_type, p_name, price_lakhs, image_url, p_address, LOWER(LTRIM(RTRIM(p_status))) AS p_status FROM Properties WHERE 1=1 AND price_lakhs BETWEEN ? AND ? AND LOWER(p_type) = ? AND LOWER(city) = ? | Params: [0,1000000,"1bhk","bengaluru"]
SELECT city, p_type, p_name, price_lakhs, image_url, p_address, LOWER(LTRIM(RTRIM(p_status))) AS p_status FROM Properties WHERE 1=1 AND price_lakhs BETWEEN ? AND ? AND LOWER(p_type) = ? AND LOWER(city) = ? | Params: [0,1000000,"2bhk","bengaluru"]
SELECT city, p_type, p_name, price_lakhs, image_url, p_address, LOWER(LTRIM(RTRIM(p_status))) AS p_status FROM Properties WHERE 1=1 AND price_lakhs BETWEEN ? AND ? AND LOWER(p_type) = ? AND LOWER(city) = ? | Params: [0,1000000,"villa","bengaluru"]
SELECT city, p_type, p_name, price_lakhs, image_url, p_address, LOWER(LTRIM(RTRIM(p_status))) AS p_status FROM Properties WHERE 1=1 AND price_lakhs BETWEEN ? AND ? AND LOWER(p_type) = ? AND LOWER(city) = ? | Params: [0,1000000,"shop","bengaluru"]
SELECT city, p_type, p_name, price_lakhs, image_url, p_address, LOWER(LTRIM(RTRIM(p_status))) AS p_status FROM Properties WHERE 1=1 AND price_lakhs BETWEEN ? AND ? AND LOWER(p_type) = ? AND LOWER(city) = ? | Params: [0,1000000,"studio","bengaluru"]
SELECT city, p_type, p_name, price_lakhs, image_url, p_address, LOWER(LTRIM(RTRIM(p_status))) AS p_status FROM Properties WHERE 1=1 AND price_lakhs BETWEEN ? AND ? AND LOWER(p_type) = ? AND LOWER(city) = ? | Params: [0,1000000,"bungalow","bengaluru"]
SELECT city, p_type, p_name, price_lakhs, image_url, p_address, LOWER(LTRIM(RTRIM(p_status))) AS p_status FROM Properties WHERE 1=1 AND price_lakhs BETWEEN ? AND ? AND LOWER(p_type) = ? AND LOWER(city) = ? | Params: [0,1000000,"penthouse","bengaluru"]
SELECT city, p_type, p_name, price_lakhs, image_url, p_address, LOWER(LTRIM(RTRIM(p_status))) AS p_status FROM Properties WHERE 1=1 AND price_lakhs BETWEEN ? AND ? AND LOWER(p_type) = ? | Params: [0,1000000,"1 bhk room"]
SELECT city, p_type, p_name, price_lakhs, image_url, p_address, LOWER(LTRIM(RTRIM(p_status))) AS p_status FROM Properties WHERE 1=1 AND price_lakhs BETWEEN ? AND ? AND LOWER(p_type) = ? | Params: [0,1000000,"2 bhk room"]
SELECT city, p_type, p_name, price_lakhs, image_url, p_address, LOWER(LTRIM(RTRIM(p_status))) AS p_status FROM Properties WHERE 1=1 AND price_lakhs BETWEEN ? AND ? AND LOWER(p_type) = ? | Params: [0,1000000,"3 bhk room"]
SELECT city, p_type, p_name, price_lakhs, image_url, p_address, LOWER(LTRIM(RTRIM(p_status))) AS p_status FROM Properties WHERE 1=1 AND price_lakhs BETWEEN ? AND ? AND LOWER(p_type) = ? | Params: [0,1000000,"4 bhk room"]
SELECT city, p_type, p_name, price_lakhs, image_url, p_address, LOWER(LTRIM(RTRIM(p_status))) AS p_status FROM Properties WHERE 1=1 AND price_lakhs BETWEEN ? AND ? AND LOWER(p_type) = ? | Params: [0,1000000,"villa"]
SELECT city, p_type, p_name, price_lakhs, image_url, p_address, LOWER(LTRIM(RTRIM(p_status))) AS p_status FROM Properties WHERE 1=1 AND price_lakhs BETWEEN ? AND ? AND LOWER(p_type) = ? | Params: [0,1000000,"shop"]
SELECT city, p_type, p_name, price_lakhs, image_url, p_address, LOWER(LTRIM(RTRIM(p_status))) AS p_status FROM Properties WHERE 1=1 AND price_lakhs BETWEEN ? AND ? AND LOWER(p_type) = ? | Params: [0,1000000,"office"]
SELECT city, p_type, p_name, price_lakhs, image_url, p_address, LOWER(LTRIM(RTRIM(p_status))) AS p_status FROM Properties WHERE 1=1 AND price_lakhs BETWEEN ? AND ? AND LOWER(p_type) = ? | Params: [0,1000000,"office"]
SELECT city, p_type, p_name, price_lakhs, image_url, p_address, LOWER(LTRIM(RTRIM(p_status))) AS p_status FROM Properties WHERE 1=1 AND price_lakhs BETWEEN ? AND ? AND LOWER(p_type) = ? | Params: [0,1000000,"office"]
SELECT city, p_type, p_name, price_lakhs, image_url, p_address, LOWER(LTRIM(RTRIM(p_status))) AS p_status FROM Properties WHERE 1=1 AND price_lakhs BETWEEN ? AND ? AND LOWER(p_type) = ? | Params: [0,1000000,"farmhouse"]
SELECT city, p_type, p_name, price_lakhs, image_url, p_address, LOWER(LTRIM(RTRIM(p_status))) AS p_status FROM Properties WHERE 1=1 AND price_lakhs BETWEEN ? AND ? AND LOWER(p_type) = ? | Params: [0,1000000,"penthouse"]
SELECT city, p_type, p_name, price_lakhs, image_url, p_address, LOWER(LTRIM(RTRIM(p_status))) AS p_status FROM Properties WHERE 1=1 AND price_lakhs BETWEEN ? AND ? AND LOWER(p_type) = ? | Params: [0,1000000,"bungalow"]
SELECT city, p_type, p_name, price_lakhs, image_url, p_address, LOWER(LTRIM(RTRIM(p_status))) AS p_status FROM Properties WHERE 1=1 AND price_lakhs BETWEEN ? AND ? AND LOWER(p_type) = ? | Params: [0,1000000,"studio"]
SELECT city, p_type, p_name, price_lakhs, image_url, p_address, LOWER(LTRIM(RTRIM(p_status))) AS p_status FROM Properties WHERE 1=1 AND price_lakhs BETWEEN ? AND ? AND LOWER(p_type) = ? | Params: [0,1000000,"shop"]
SELECT city, p_type, p_name, price_lakhs, image_url, p_address, LOWER(LTRIM(RTRIM(p_status))) AS p_status FROM Properties WHERE 1=1 AND price_lakhs BETWEEN ? AND ? AND LOWER(p_type) = ? | Params: [0,1000000,"villa"]
SELECT city, p_type, p_name, price_lakhs, image_url, p_address, LOWER(LTRIM(RTRIM(p_status))) AS p_status FROM Properties WHERE 1=1 AND price_lakhs BETWEEN ? AND ? AND LOWER(p_type) = ? | Params: [0,1000000,"1 bhk room"]
SELECT city, p_type, p_name, price_lakhs, image_url, p_address, LOWER(LTRIM(RTRIM(p_status))) AS p_status FROM Properties WHERE 1=1 AND price_lakhs BETWEEN ? AND ? AND LOWER(p_type) = ? AND LOWER(city) = ? | Params: [0,1000000,"1 bhk room","bengaluru"]
SELECT city, p_type, p_name, price_lakhs, image_url, p_address, LOWER(LTRIM(RTRIM(p_status))) AS p_status FROM Properties WHERE 1=1 AND price_lakhs BETWEEN ? AND ? AND LOWER(p_type) = ? AND LOWER(city) = ? | Params: [0,1000000,"villa","bengaluru"]
SELECT city, p_type, p_name, price_lakhs, image_url, p_address, LOWER(LTRIM(RTRIM(p_status))) AS p_status FROM Properties WHERE 1=1 AND price_lakhs BETWEEN ? AND ? AND LOWER(p_type) = ? AND LOWER(city) = ? | Params: [0,1000000,"2 bhk room","bengaluru"]
SELECT city, p_type, p_name, price_lakhs, image_url, p_address, LOWER(LTRIM(RTRIM(p_status))) AS p_status FROM Properties WHERE 1=1 AND price_lakhs BETWEEN ? AND ? AND LOWER(p_type) = ? AND LOWER(city) = ? | Params: [0,1000000,"4 bhk room","bengaluru"]
SELECT city, p_type, p_name, price_lakhs, image_url, p_address, LOWER(LTRIM(RTRIM(p_status))) AS p_status FROM Properties WHERE 1=1 AND price_lakhs BETWEEN ? AND ? AND LOWER(p_type) = ? AND LOWER(city) = ? | Params: [0,1000000,"shop","bengaluru"]
SELECT city, p_type, p_name, price_lakhs, image_url, p_address, LOWER(LTRIM(RTRIM(p_status))) AS p_status FROM Properties WHERE 1=1 AND price_lakhs BETWEEN ? AND ? | Params: [0,1000000]
SELECT city, p_type, p_name, price_lakhs, image_url, p_address, LOWER(LTRIM(RTRIM(p_status))) AS p_status FROM Properties WHERE 1=1 AND price_lakhs BETWEEN ? AND ? AND LOWER(p_type) = ? | Params: [0,1000000,"4 bhk room"]
SELECT city, p_type, p_name, price_lakhs, image_url, p_address, LOWER(LTRIM(RTRIM(p_status))) AS p_status FROM Properties WHERE 1=1 AND price_lakhs BETWEEN ? AND ? | Params: [0,1000000]
SELECT city, p_type, p_name, price_lakhs, image_url, p_address, LOWER(LTRIM(RTRIM(p_status))) AS p_status FROM Properties WHERE 1=1 AND price_lakhs BETWEEN ? AND ? | Params: [0,1000000]
SELECT city, p_type, p_name, price_lakhs, image_url, p_address, LOWER(LTRIM(RTRIM(p_status))) AS p_status FROM Properties WHERE 1=1 AND price_lakhs BETWEEN ? AND ? | Params: [0,1000000]
SELECT city, p_type, p_name, price_lakhs, image_url, p_address, LOWER(LTRIM(RTRIM(p_status))) AS p_status FROM Properties WHERE 1=1 AND price_lakhs BETWEEN ? AND ? | Params: [0,1000000]
SELECT city, p_type, p_name, price_lakhs, image_url, p_address, LOWER(LTRIM(RTRIM(p_status))) AS p_status FROM Properties WHERE 1=1 AND price_lakhs BETWEEN ? AND ? | Params: [0,1000000]
SELECT city, p_type, p_name, price_lakhs, image_url, p_address, LOWER(LTRIM(RTRIM(p_status))) AS p_status FROM Properties WHERE 1=1 AND price_lakhs BETWEEN ? AND ? | Params: [0,1000000]
SELECT city, p_type, p_name, price_lakhs, image_url, p_address, LOWER(LTRIM(RTRIM(p_status))) AS p_status FROM Properties WHERE 1=1 AND price_lakhs BETWEEN ? AND ? | Params: [0,1000000]
SELECT city, p_type, p_name, price_lakhs, image_url, p_address, LOWER(LTRIM(RTRIM(p_status))) AS p_status FROM Properties WHERE 1=1 AND price_lakhs BETWEEN ? AND ? | Params: [0,1000000]
SELECT city, p_type, p_name, price_lakhs, image_url, p_address, LOWER(LTRIM(RTRIM(p_status))) AS p_status FROM Properties WHERE 1=1 AND price_lakhs BETWEEN ? AND ? AND LOWER(city) = ? | Params: [0,1000000,"bengaluru"]
SELECT city, p_type, p_name, price_lakhs, image_url, p_address, LOWER(LTRIM(RTRIM(p_status))) AS p_status FROM Properties WHERE 1=1 AND price_lakhs BETWEEN ? AND ? AND LOWER(city) = ? | Params: [0,1000000,"mumbai"]
SELECT city, p_type, p_name, price_lakhs, image_url, p_address, LOWER(LTRIM(RTRIM(p_status))) AS p_status FROM Properties WHERE 1=1 AND price_lakhs BETWEEN ? AND ? | Params: [0,1000000]
SELECT city, p_type, p_name, price_lakhs, image_url, p_address, LOWER(LTRIM(RTRIM(p_status))) AS p_status FROM Properties WHERE 1=1 AND price_lakhs BETWEEN ? AND ? AND LOWER(p_type) = ? AND LOWER(city) = ? | Params: [0,1000000,"bungalow","bengaluru"]
SELECT city, p_type, p_name, price_lakhs, image_url, p_address, LOWER(LTRIM(RTRIM(p_status))) AS p_status FROM Properties WHERE 1=1 AND price_lakhs BETWEEN ? AND ? AND LOWER(p_type) = ? AND LOWER(city) = ? | Params: [0,1000000,"bungalow","delhi"]
SELECT city, p_type, p_name, price_lakhs, image_url, p_address, LOWER(LTRIM(RTRIM(p_status))) AS p_status FROM Properties WHERE 1=1 AND price_lakhs BETWEEN ? AND ? AND LOWER(p_type) = ? AND LOWER(city) = ? | Params: [0,1000000,"bungalow","greater noida"]
SELECT city, p_type, p_name, price_lakhs, image_url, p_address, LOWER(LTRIM(RTRIM(p_status))) AS p_status FROM Properties WHERE 1=1 AND price_lakhs BETWEEN ? AND ? | Params: [0,1000000]
SELECT city, p_type, p_name, price_lakhs, image_url, p_address, LOWER(LTRIM(RTRIM(p_status))) AS p_status FROM Properties WHERE 1=1 AND price_lakhs BETWEEN ? AND ? | Params: [0,1000000]
SELECT city, p_type, p_name, price_lakhs, image_url, p_address, LOWER(LTRIM(RTRIM(p_status))) AS p_status FROM Properties WHERE 1=1 AND price_lakhs BETWEEN ? AND ? AND LOWER(city) = ? | Params: [0,1000000,"bengaluru"]
SELECT city, p_type, p_name, price_lakhs, image_url, p_address, LOWER(LTRIM(RTRIM(p_status))) AS p_status FROM Properties WHERE 1=1 AND price_lakhs BETWEEN ? AND ? AND LOWER(p_type) = ? AND LOWER(city) = ? | Params: [0,1000000,"villa","bengaluru"]
